<?xml version="1.0" encoding="UTF-8"?>
<testng-results skipped="0" failed="0" ignored="0" total="3" passed="3">
  <reporter-output>
  </reporter-output>
  <suite name="Default suite" duration-ms="5834" started-at="2021-04-26T12:23:19Z" finished-at="2021-04-26T12:23:25Z">
    <groups>
    </groups>
    <test name="Default test" duration-ms="5834" started-at="2021-04-26T12:23:19Z" finished-at="2021-04-26T12:23:25Z">
      <class name="com.files.DynamicJson">
        <test-method status="PASS" signature="addBook(java.lang.String, java.lang.String)[pri:0, instance:com.files.DynamicJson@5f341870]" name="addBook" duration-ms="3971" started-at="2021-04-26T12:23:19Z" data-provider="BooksData" finished-at="2021-04-26T12:23:23Z">
          <params>
            <param index="0">
              <value>
                <![CDATA[rcb]]>
              </value>
            </param>
            <param index="1">
              <value>
                <![CDATA[4002]]>
              </value>
            </param>
          </params>
          <reporter-output>
          </reporter-output>
        </test-method> <!-- addBook -->
        <test-method status="PASS" signature="addBook(java.lang.String, java.lang.String)[pri:0, instance:com.files.DynamicJson@5f341870]" name="addBook" duration-ms="1630" started-at="2021-04-26T12:23:23Z" data-provider="BooksData" finished-at="2021-04-26T12:23:24Z">
          <params>
            <param index="0">
              <value>
                <![CDATA[rcb]]>
              </value>
            </param>
            <param index="1">
              <value>
                <![CDATA[4003]]>
              </value>
            </param>
          </params>
          <reporter-output>
          </reporter-output>
        </test-method> <!-- addBook -->
        <test-method status="PASS" signature="addBook(java.lang.String, java.lang.String)[pri:0, instance:com.files.DynamicJson@5f341870]" name="addBook" duration-ms="202" started-at="2021-04-26T12:23:24Z" data-provider="BooksData" finished-at="2021-04-26T12:23:25Z">
          <params>
            <param index="0">
              <value>
                <![CDATA[rcb]]>
              </value>
            </param>
            <param index="1">
              <value>
                <![CDATA[4004]]>
              </value>
            </param>
          </params>
          <reporter-output>
          </reporter-output>
        </test-method> <!-- addBook -->
      </class> <!-- com.files.DynamicJson -->
    </test> <!-- Default test -->
  </suite> <!-- Default suite -->
</testng-results>
