<?xml version="1.0" encoding="UTF-8"?>
<!-- Generated by org.testng.reporters.JUnitXMLReporter -->
<testsuite hostname="LAPTOP-QLG12OJ4" ignored="0" name="Default test" tests="3" failures="0" timestamp="26 Apr 2021 12:23:25 GMT" time="5.834" errors="0">
  <testcase name="addBook" time="3.971" classname="com.files.DynamicJson"/>
  <testcase name="addBook" time="1.63" classname="com.files.DynamicJson"/>
  <testcase name="addBook" time="0.202" classname="com.files.DynamicJson"/>
</testsuite> <!-- Default test -->
